This file contains any messages produced by compilers while
running configure, to aid debugging if configure makes a mistake.

It was created by swiftd configure 0.2, which was
generated by GNU Autoconf 2.67.  Invocation command line was

  $ ./configure 

## --------- ##
## Platform. ##
## --------- ##

hostname = debian
uname -m = i686
uname -r = 2.6.35bfs
uname -s = Linux
uname -v = #3 SMP Sat Aug 7 12:11:52 CST 2010

/usr/bin/uname -p = unknown
/bin/uname -X     = unknown

/bin/arch              = unknown
/usr/bin/arch -k       = unknown
/usr/convex/getsysinfo = unknown
/usr/bin/hostinfo      = unknown
/bin/machine           = unknown
/usr/bin/oslevel       = unknown
/bin/universe          = unknown

PATH: /usr/lib/jvm/jdk1.6.0_21/bin
PATH: /home/hcy/Programs/qtsdk/qt/bin
PATH: /home/hcy/bin
PATH: /usr/local/bin
PATH: /usr/bin
PATH: /bin
PATH: /usr/games
PATH: /opt/real/RealPlayer


## ----------- ##
## Core tests. ##
## ----------- ##

configure:2263: checking for a BSD-compatible install
configure:2331: result: /usr/bin/install -c
configure:2342: checking whether build environment is sane
configure:2392: result: yes
configure:2533: checking for a thread-safe mkdir -p
configure:2572: result: /bin/mkdir -p
configure:2585: checking for gawk
configure:2601: found /usr/bin/gawk
configure:2612: result: gawk
configure:2623: checking whether make sets $(MAKE)
configure:2645: result: yes
configure:2778: checking for gcc
configure:2794: found /usr/bin/gcc
configure:2805: result: gcc
configure:3034: checking for C compiler version
configure:3043: gcc --version >&5
gcc (Debian 4.4.4-8) 4.4.5 20100728 (prerelease)
Copyright (C) 2010 Free Software Foundation, Inc.
This is free software; see the source for copying conditions.  There is NO
warranty; not even for MERCHANTABILITY or FITNESS FOR A PARTICULAR PURPOSE.

configure:3054: $? = 0
configure:3043: gcc -v >&5
Using built-in specs.
Target: i486-linux-gnu
Configured with: ../src/configure -v --with-pkgversion='Debian 4.4.4-8' --with-bugurl=file:///usr/share/doc/gcc-4.4/README.Bugs --enable-languages=c,c++,fortran,objc,obj-c++ --prefix=/usr --enable-shared --enable-multiarch --enable-linker-build-id --with-system-zlib --libexecdir=/usr/lib --without-included-gettext --enable-threads=posix --with-gxx-include-dir=/usr/include/c++/4.4 --program-suffix=-4.4 --enable-nls --enable-clocale=gnu --enable-libstdcxx-debug --enable-objc-gc --enable-targets=all --with-arch-32=i586 --with-tune=generic --enable-checking=release --build=i486-linux-gnu --host=i486-linux-gnu --target=i486-linux-gnu
Thread model: posix
gcc version 4.4.5 20100728 (prerelease) (Debian 4.4.4-8) 
configure:3054: $? = 0
configure:3043: gcc -V >&5
gcc: '-V' option must have argument
configure:3054: $? = 1
configure:3043: gcc -qversion >&5
gcc: unrecognized option '-qversion'
gcc: no input files
configure:3054: $? = 1
configure:3074: checking whether the C compiler works
configure:3096: gcc    conftest.c  >&5
configure:3100: $? = 0
configure:3148: result: yes
configure:3151: checking for C compiler default output file name
configure:3153: result: a.out
configure:3159: checking for suffix of executables
configure:3166: gcc -o conftest    conftest.c  >&5
configure:3170: $? = 0
configure:3192: result: 
configure:3214: checking whether we are cross compiling
configure:3222: gcc -o conftest    conftest.c  >&5
configure:3226: $? = 0
configure:3233: ./conftest
configure:3237: $? = 0
configure:3252: result: no
configure:3257: checking for suffix of object files
configure:3279: gcc -c   conftest.c >&5
configure:3283: $? = 0
configure:3304: result: o
configure:3308: checking whether we are using the GNU C compiler
configure:3327: gcc -c   conftest.c >&5
configure:3327: $? = 0
configure:3336: result: yes
configure:3345: checking whether gcc accepts -g
configure:3365: gcc -c -g  conftest.c >&5
configure:3365: $? = 0
configure:3406: result: yes
configure:3423: checking for gcc option to accept ISO C89
configure:3487: gcc  -c -g -O2  conftest.c >&5
configure:3487: $? = 0
configure:3500: result: none needed
configure:3531: checking for style of include used by make
configure:3559: result: GNU
configure:3584: checking dependency style of gcc
configure:3694: result: gcc3
configure:3710: checking whether gcc and cc understand -c and -o together
configure:3741: gcc -c conftest.c -o conftest2.o >&5
configure:3745: $? = 0
configure:3751: gcc -c conftest.c -o conftest2.o >&5
configure:3755: $? = 0
configure:3766: cc -c conftest.c >&5
configure:3770: $? = 0
configure:3778: cc -c conftest.c -o conftest2.o >&5
configure:3782: $? = 0
configure:3788: cc -c conftest.c -o conftest2.o >&5
configure:3792: $? = 0
configure:3810: result: yes
configure:3839: checking for pthread_create in -lpthread
configure:3864: gcc -o conftest -g -O2   conftest.c -lpthread   >&5
configure:3864: $? = 0
configure:3873: result: yes
configure:3884: checking for dlopen in -ldl
configure:3909: gcc -o conftest -g -O2   conftest.c -ldl  -lpthread  >&5
configure:3909: $? = 0
configure:3918: result: yes
configure:3936: checking how to run the C preprocessor
configure:3967: gcc -E  conftest.c
configure:3967: $? = 0
configure:3981: gcc -E  conftest.c
conftest.c:13:28: error: ac_nonexistent.h: No such file or directory
configure:3981: $? = 1
configure: failed program was:
| /* confdefs.h */
| #define PACKAGE_NAME "swiftd"
| #define PACKAGE_TARNAME "swiftd"
| #define PACKAGE_VERSION "0.2"
| #define PACKAGE_STRING "swiftd 0.2"
| #define PACKAGE_BUGREPORT "huangcongyu2006@gmail.com"
| #define PACKAGE_URL ""
| #define PACKAGE "swiftd"
| #define VERSION "0.2"
| #define HAVE_LIBPTHREAD 1
| #define HAVE_LIBDL 1
| /* end confdefs.h.  */
| #include <ac_nonexistent.h>
configure:4006: result: gcc -E
configure:4026: gcc -E  conftest.c
configure:4026: $? = 0
configure:4040: gcc -E  conftest.c
conftest.c:13:28: error: ac_nonexistent.h: No such file or directory
configure:4040: $? = 1
configure: failed program was:
| /* confdefs.h */
| #define PACKAGE_NAME "swiftd"
| #define PACKAGE_TARNAME "swiftd"
| #define PACKAGE_VERSION "0.2"
| #define PACKAGE_STRING "swiftd 0.2"
| #define PACKAGE_BUGREPORT "huangcongyu2006@gmail.com"
| #define PACKAGE_URL ""
| #define PACKAGE "swiftd"
| #define VERSION "0.2"
| #define HAVE_LIBPTHREAD 1
| #define HAVE_LIBDL 1
| /* end confdefs.h.  */
| #include <ac_nonexistent.h>
configure:4069: checking for grep that handles long lines and -e
configure:4127: result: /bin/grep
configure:4132: checking for egrep
configure:4194: result: /bin/grep -E
configure:4199: checking for ANSI C header files
configure:4219: gcc -c -g -O2  conftest.c >&5
configure:4219: $? = 0
configure:4292: gcc -o conftest -g -O2   conftest.c -ldl -lpthread  >&5
configure:4292: $? = 0
configure:4292: ./conftest
configure:4292: $? = 0
configure:4303: result: yes
configure:4316: checking for sys/types.h
configure:4316: gcc -c -g -O2  conftest.c >&5
configure:4316: $? = 0
configure:4316: result: yes
configure:4316: checking for sys/stat.h
configure:4316: gcc -c -g -O2  conftest.c >&5
configure:4316: $? = 0
configure:4316: result: yes
configure:4316: checking for stdlib.h
configure:4316: gcc -c -g -O2  conftest.c >&5
configure:4316: $? = 0
configure:4316: result: yes
configure:4316: checking for string.h
configure:4316: gcc -c -g -O2  conftest.c >&5
configure:4316: $? = 0
configure:4316: result: yes
configure:4316: checking for memory.h
configure:4316: gcc -c -g -O2  conftest.c >&5
configure:4316: $? = 0
configure:4316: result: yes
configure:4316: checking for strings.h
configure:4316: gcc -c -g -O2  conftest.c >&5
configure:4316: $? = 0
configure:4316: result: yes
configure:4316: checking for inttypes.h
configure:4316: gcc -c -g -O2  conftest.c >&5
configure:4316: $? = 0
configure:4316: result: yes
configure:4316: checking for stdint.h
configure:4316: gcc -c -g -O2  conftest.c >&5
configure:4316: $? = 0
configure:4316: result: yes
configure:4316: checking for unistd.h
configure:4316: gcc -c -g -O2  conftest.c >&5
configure:4316: $? = 0
configure:4316: result: yes
configure:4331: checking arpa/inet.h usability
configure:4331: gcc -c -g -O2  conftest.c >&5
configure:4331: $? = 0
configure:4331: result: yes
configure:4331: checking arpa/inet.h presence
configure:4331: gcc -E  conftest.c
configure:4331: $? = 0
configure:4331: result: yes
configure:4331: checking for arpa/inet.h
configure:4331: result: yes
configure:4331: checking fcntl.h usability
configure:4331: gcc -c -g -O2  conftest.c >&5
configure:4331: $? = 0
configure:4331: result: yes
configure:4331: checking fcntl.h presence
configure:4331: gcc -E  conftest.c
configure:4331: $? = 0
configure:4331: result: yes
configure:4331: checking for fcntl.h
configure:4331: result: yes
configure:4331: checking limits.h usability
configure:4331: gcc -c -g -O2  conftest.c >&5
configure:4331: $? = 0
configure:4331: result: yes
configure:4331: checking limits.h presence
configure:4331: gcc -E  conftest.c
configure:4331: $? = 0
configure:4331: result: yes
configure:4331: checking for limits.h
configure:4331: result: yes
configure:4331: checking netdb.h usability
configure:4331: gcc -c -g -O2  conftest.c >&5
configure:4331: $? = 0
configure:4331: result: yes
configure:4331: checking netdb.h presence
configure:4331: gcc -E  conftest.c
configure:4331: $? = 0
configure:4331: result: yes
configure:4331: checking for netdb.h
configure:4331: result: yes
configure:4331: checking netinet/in.h usability
configure:4331: gcc -c -g -O2  conftest.c >&5
configure:4331: $? = 0
configure:4331: result: yes
configure:4331: checking netinet/in.h presence
configure:4331: gcc -E  conftest.c
configure:4331: $? = 0
configure:4331: result: yes
configure:4331: checking for netinet/in.h
configure:4331: result: yes
configure:4331: checking stddef.h usability
configure:4331: gcc -c -g -O2  conftest.c >&5
configure:4331: $? = 0
configure:4331: result: yes
configure:4331: checking stddef.h presence
configure:4331: gcc -E  conftest.c
configure:4331: $? = 0
configure:4331: result: yes
configure:4331: checking for stddef.h
configure:4331: result: yes
configure:4331: checking for stdlib.h
configure:4331: result: yes
configure:4331: checking for string.h
configure:4331: result: yes
configure:4331: checking for strings.h
configure:4331: result: yes
configure:4331: checking sys/ioctl.h usability
configure:4331: gcc -c -g -O2  conftest.c >&5
configure:4331: $? = 0
configure:4331: result: yes
configure:4331: checking sys/ioctl.h presence
configure:4331: gcc -E  conftest.c
configure:4331: $? = 0
configure:4331: result: yes
configure:4331: checking for sys/ioctl.h
configure:4331: result: yes
configure:4331: checking sys/socket.h usability
configure:4331: gcc -c -g -O2  conftest.c >&5
configure:4331: $? = 0
configure:4331: result: yes
configure:4331: checking sys/socket.h presence
configure:4331: gcc -E  conftest.c
configure:4331: $? = 0
configure:4331: result: yes
configure:4331: checking for sys/socket.h
configure:4331: result: yes
configure:4331: checking sys/time.h usability
configure:4331: gcc -c -g -O2  conftest.c >&5
configure:4331: $? = 0
configure:4331: result: yes
configure:4331: checking sys/time.h presence
configure:4331: gcc -E  conftest.c
configure:4331: $? = 0
configure:4331: result: yes
configure:4331: checking for sys/time.h
configure:4331: result: yes
configure:4331: checking syslog.h usability
configure:4331: gcc -c -g -O2  conftest.c >&5
configure:4331: $? = 0
configure:4331: result: yes
configure:4331: checking syslog.h presence
configure:4331: gcc -E  conftest.c
configure:4331: $? = 0
configure:4331: result: yes
configure:4331: checking for syslog.h
configure:4331: result: yes
configure:4331: checking for unistd.h
configure:4331: result: yes
configure:4343: checking for uid_t in sys/types.h
configure:4362: result: yes
configure:4373: checking for off_t
configure:4373: gcc -c -g -O2  conftest.c >&5
configure:4373: $? = 0
configure:4373: gcc -c -g -O2  conftest.c >&5
conftest.c: In function 'main':
conftest.c:73: error: expected expression before ')' token
configure:4373: $? = 1
configure: failed program was:
| /* confdefs.h */
| #define PACKAGE_NAME "swiftd"
| #define PACKAGE_TARNAME "swiftd"
| #define PACKAGE_VERSION "0.2"
| #define PACKAGE_STRING "swiftd 0.2"
| #define PACKAGE_BUGREPORT "huangcongyu2006@gmail.com"
| #define PACKAGE_URL ""
| #define PACKAGE "swiftd"
| #define VERSION "0.2"
| #define HAVE_LIBPTHREAD 1
| #define HAVE_LIBDL 1
| #define STDC_HEADERS 1
| #define HAVE_SYS_TYPES_H 1
| #define HAVE_SYS_STAT_H 1
| #define HAVE_STDLIB_H 1
| #define HAVE_STRING_H 1
| #define HAVE_MEMORY_H 1
| #define HAVE_STRINGS_H 1
| #define HAVE_INTTYPES_H 1
| #define HAVE_STDINT_H 1
| #define HAVE_UNISTD_H 1
| #define HAVE_ARPA_INET_H 1
| #define HAVE_FCNTL_H 1
| #define HAVE_LIMITS_H 1
| #define HAVE_NETDB_H 1
| #define HAVE_NETINET_IN_H 1
| #define HAVE_STDDEF_H 1
| #define HAVE_STDLIB_H 1
| #define HAVE_STRING_H 1
| #define HAVE_STRINGS_H 1
| #define HAVE_SYS_IOCTL_H 1
| #define HAVE_SYS_SOCKET_H 1
| #define HAVE_SYS_TIME_H 1
| #define HAVE_SYSLOG_H 1
| #define HAVE_UNISTD_H 1
| /* end confdefs.h.  */
| #include <stdio.h>
| #ifdef HAVE_SYS_TYPES_H
| # include <sys/types.h>
| #endif
| #ifdef HAVE_SYS_STAT_H
| # include <sys/stat.h>
| #endif
| #ifdef STDC_HEADERS
| # include <stdlib.h>
| # include <stddef.h>
| #else
| # ifdef HAVE_STDLIB_H
| #  include <stdlib.h>
| # endif
| #endif
| #ifdef HAVE_STRING_H
| # if !defined STDC_HEADERS && defined HAVE_MEMORY_H
| #  include <memory.h>
| # endif
| # include <string.h>
| #endif
| #ifdef HAVE_STRINGS_H
| # include <strings.h>
| #endif
| #ifdef HAVE_INTTYPES_H
| # include <inttypes.h>
| #endif
| #ifdef HAVE_STDINT_H
| # include <stdint.h>
| #endif
| #ifdef HAVE_UNISTD_H
| # include <unistd.h>
| #endif
| int
| main ()
| {
| if (sizeof ((off_t)))
| 	    return 0;
|   ;
|   return 0;
| }
configure:4373: result: yes
configure:4384: checking for size_t
configure:4384: gcc -c -g -O2  conftest.c >&5
configure:4384: $? = 0
configure:4384: gcc -c -g -O2  conftest.c >&5
conftest.c: In function 'main':
conftest.c:73: error: expected expression before ')' token
configure:4384: $? = 1
configure: failed program was:
| /* confdefs.h */
| #define PACKAGE_NAME "swiftd"
| #define PACKAGE_TARNAME "swiftd"
| #define PACKAGE_VERSION "0.2"
| #define PACKAGE_STRING "swiftd 0.2"
| #define PACKAGE_BUGREPORT "huangcongyu2006@gmail.com"
| #define PACKAGE_URL ""
| #define PACKAGE "swiftd"
| #define VERSION "0.2"
| #define HAVE_LIBPTHREAD 1
| #define HAVE_LIBDL 1
| #define STDC_HEADERS 1
| #define HAVE_SYS_TYPES_H 1
| #define HAVE_SYS_STAT_H 1
| #define HAVE_STDLIB_H 1
| #define HAVE_STRING_H 1
| #define HAVE_MEMORY_H 1
| #define HAVE_STRINGS_H 1
| #define HAVE_INTTYPES_H 1
| #define HAVE_STDINT_H 1
| #define HAVE_UNISTD_H 1
| #define HAVE_ARPA_INET_H 1
| #define HAVE_FCNTL_H 1
| #define HAVE_LIMITS_H 1
| #define HAVE_NETDB_H 1
| #define HAVE_NETINET_IN_H 1
| #define HAVE_STDDEF_H 1
| #define HAVE_STDLIB_H 1
| #define HAVE_STRING_H 1
| #define HAVE_STRINGS_H 1
| #define HAVE_SYS_IOCTL_H 1
| #define HAVE_SYS_SOCKET_H 1
| #define HAVE_SYS_TIME_H 1
| #define HAVE_SYSLOG_H 1
| #define HAVE_UNISTD_H 1
| /* end confdefs.h.  */
| #include <stdio.h>
| #ifdef HAVE_SYS_TYPES_H
| # include <sys/types.h>
| #endif
| #ifdef HAVE_SYS_STAT_H
| # include <sys/stat.h>
| #endif
| #ifdef STDC_HEADERS
| # include <stdlib.h>
| # include <stddef.h>
| #else
| # ifdef HAVE_STDLIB_H
| #  include <stdlib.h>
| # endif
| #endif
| #ifdef HAVE_STRING_H
| # if !defined STDC_HEADERS && defined HAVE_MEMORY_H
| #  include <memory.h>
| # endif
| # include <string.h>
| #endif
| #ifdef HAVE_STRINGS_H
| # include <strings.h>
| #endif
| #ifdef HAVE_INTTYPES_H
| # include <inttypes.h>
| #endif
| #ifdef HAVE_STDINT_H
| # include <stdint.h>
| #endif
| #ifdef HAVE_UNISTD_H
| # include <unistd.h>
| #endif
| int
| main ()
| {
| if (sizeof ((size_t)))
| 	    return 0;
|   ;
|   return 0;
| }
configure:4384: result: yes
configure:4395: checking for uint32_t
configure:4395: gcc -c -g -O2  conftest.c >&5
configure:4395: $? = 0
configure:4395: result: yes
configure:4411: checking for pid_t
configure:4411: gcc -c -g -O2  conftest.c >&5
configure:4411: $? = 0
configure:4411: gcc -c -g -O2  conftest.c >&5
conftest.c: In function 'main':
conftest.c:73: error: expected expression before ')' token
configure:4411: $? = 1
configure: failed program was:
| /* confdefs.h */
| #define PACKAGE_NAME "swiftd"
| #define PACKAGE_TARNAME "swiftd"
| #define PACKAGE_VERSION "0.2"
| #define PACKAGE_STRING "swiftd 0.2"
| #define PACKAGE_BUGREPORT "huangcongyu2006@gmail.com"
| #define PACKAGE_URL ""
| #define PACKAGE "swiftd"
| #define VERSION "0.2"
| #define HAVE_LIBPTHREAD 1
| #define HAVE_LIBDL 1
| #define STDC_HEADERS 1
| #define HAVE_SYS_TYPES_H 1
| #define HAVE_SYS_STAT_H 1
| #define HAVE_STDLIB_H 1
| #define HAVE_STRING_H 1
| #define HAVE_MEMORY_H 1
| #define HAVE_STRINGS_H 1
| #define HAVE_INTTYPES_H 1
| #define HAVE_STDINT_H 1
| #define HAVE_UNISTD_H 1
| #define HAVE_ARPA_INET_H 1
| #define HAVE_FCNTL_H 1
| #define HAVE_LIMITS_H 1
| #define HAVE_NETDB_H 1
| #define HAVE_NETINET_IN_H 1
| #define HAVE_STDDEF_H 1
| #define HAVE_STDLIB_H 1
| #define HAVE_STRING_H 1
| #define HAVE_STRINGS_H 1
| #define HAVE_SYS_IOCTL_H 1
| #define HAVE_SYS_SOCKET_H 1
| #define HAVE_SYS_TIME_H 1
| #define HAVE_SYSLOG_H 1
| #define HAVE_UNISTD_H 1
| /* end confdefs.h.  */
| #include <stdio.h>
| #ifdef HAVE_SYS_TYPES_H
| # include <sys/types.h>
| #endif
| #ifdef HAVE_SYS_STAT_H
| # include <sys/stat.h>
| #endif
| #ifdef STDC_HEADERS
| # include <stdlib.h>
| # include <stddef.h>
| #else
| # ifdef HAVE_STDLIB_H
| #  include <stdlib.h>
| # endif
| #endif
| #ifdef HAVE_STRING_H
| # if !defined STDC_HEADERS && defined HAVE_MEMORY_H
| #  include <memory.h>
| # endif
| # include <string.h>
| #endif
| #ifdef HAVE_STRINGS_H
| # include <strings.h>
| #endif
| #ifdef HAVE_INTTYPES_H
| # include <inttypes.h>
| #endif
| #ifdef HAVE_STDINT_H
| # include <stdint.h>
| #endif
| #ifdef HAVE_UNISTD_H
| # include <unistd.h>
| #endif
| int
| main ()
| {
| if (sizeof ((pid_t)))
| 	    return 0;
|   ;
|   return 0;
| }
configure:4411: result: yes
configure:4424: checking vfork.h usability
configure:4424: gcc -c -g -O2  conftest.c >&5
conftest.c:70:19: error: vfork.h: No such file or directory
configure:4424: $? = 1
configure: failed program was:
| /* confdefs.h */
| #define PACKAGE_NAME "swiftd"
| #define PACKAGE_TARNAME "swiftd"
| #define PACKAGE_VERSION "0.2"
| #define PACKAGE_STRING "swiftd 0.2"
| #define PACKAGE_BUGREPORT "huangcongyu2006@gmail.com"
| #define PACKAGE_URL ""
| #define PACKAGE "swiftd"
| #define VERSION "0.2"
| #define HAVE_LIBPTHREAD 1
| #define HAVE_LIBDL 1
| #define STDC_HEADERS 1
| #define HAVE_SYS_TYPES_H 1
| #define HAVE_SYS_STAT_H 1
| #define HAVE_STDLIB_H 1
| #define HAVE_STRING_H 1
| #define HAVE_MEMORY_H 1
| #define HAVE_STRINGS_H 1
| #define HAVE_INTTYPES_H 1
| #define HAVE_STDINT_H 1
| #define HAVE_UNISTD_H 1
| #define HAVE_ARPA_INET_H 1
| #define HAVE_FCNTL_H 1
| #define HAVE_LIMITS_H 1
| #define HAVE_NETDB_H 1
| #define HAVE_NETINET_IN_H 1
| #define HAVE_STDDEF_H 1
| #define HAVE_STDLIB_H 1
| #define HAVE_STRING_H 1
| #define HAVE_STRINGS_H 1
| #define HAVE_SYS_IOCTL_H 1
| #define HAVE_SYS_SOCKET_H 1
| #define HAVE_SYS_TIME_H 1
| #define HAVE_SYSLOG_H 1
| #define HAVE_UNISTD_H 1
| /* end confdefs.h.  */
| #include <stdio.h>
| #ifdef HAVE_SYS_TYPES_H
| # include <sys/types.h>
| #endif
| #ifdef HAVE_SYS_STAT_H
| # include <sys/stat.h>
| #endif
| #ifdef STDC_HEADERS
| # include <stdlib.h>
| # include <stddef.h>
| #else
| # ifdef HAVE_STDLIB_H
| #  include <stdlib.h>
| # endif
| #endif
| #ifdef HAVE_STRING_H
| # if !defined STDC_HEADERS && defined HAVE_MEMORY_H
| #  include <memory.h>
| # endif
| # include <string.h>
| #endif
| #ifdef HAVE_STRINGS_H
| # include <strings.h>
| #endif
| #ifdef HAVE_INTTYPES_H
| # include <inttypes.h>
| #endif
| #ifdef HAVE_STDINT_H
| # include <stdint.h>
| #endif
| #ifdef HAVE_UNISTD_H
| # include <unistd.h>
| #endif
| #include <vfork.h>
configure:4424: result: no
configure:4424: checking vfork.h presence
configure:4424: gcc -E  conftest.c
conftest.c:37:19: error: vfork.h: No such file or directory
configure:4424: $? = 1
configure: failed program was:
| /* confdefs.h */
| #define PACKAGE_NAME "swiftd"
| #define PACKAGE_TARNAME "swiftd"
| #define PACKAGE_VERSION "0.2"
| #define PACKAGE_STRING "swiftd 0.2"
| #define PACKAGE_BUGREPORT "huangcongyu2006@gmail.com"
| #define PACKAGE_URL ""
| #define PACKAGE "swiftd"
| #define VERSION "0.2"
| #define HAVE_LIBPTHREAD 1
| #define HAVE_LIBDL 1
| #define STDC_HEADERS 1
| #define HAVE_SYS_TYPES_H 1
| #define HAVE_SYS_STAT_H 1
| #define HAVE_STDLIB_H 1
| #define HAVE_STRING_H 1
| #define HAVE_MEMORY_H 1
| #define HAVE_STRINGS_H 1
| #define HAVE_INTTYPES_H 1
| #define HAVE_STDINT_H 1
| #define HAVE_UNISTD_H 1
| #define HAVE_ARPA_INET_H 1
| #define HAVE_FCNTL_H 1
| #define HAVE_LIMITS_H 1
| #define HAVE_NETDB_H 1
| #define HAVE_NETINET_IN_H 1
| #define HAVE_STDDEF_H 1
| #define HAVE_STDLIB_H 1
| #define HAVE_STRING_H 1
| #define HAVE_STRINGS_H 1
| #define HAVE_SYS_IOCTL_H 1
| #define HAVE_SYS_SOCKET_H 1
| #define HAVE_SYS_TIME_H 1
| #define HAVE_SYSLOG_H 1
| #define HAVE_UNISTD_H 1
| /* end confdefs.h.  */
| #include <vfork.h>
configure:4424: result: no
configure:4424: checking for vfork.h
configure:4424: result: no
configure:4437: checking for fork
configure:4437: gcc -o conftest -g -O2   conftest.c -ldl -lpthread  >&5
conftest.c:60: warning: conflicting types for built-in function 'fork'
configure:4437: $? = 0
configure:4437: result: yes
configure:4437: checking for vfork
configure:4437: gcc -o conftest -g -O2   conftest.c -ldl -lpthread  >&5
configure:4437: $? = 0
configure:4437: result: yes
configure:4447: checking for working fork
configure:4469: gcc -o conftest -g -O2   conftest.c -ldl -lpthread  >&5
configure:4469: $? = 0
configure:4469: ./conftest
configure:4469: $? = 0
configure:4479: result: yes
configure:4500: checking for working vfork
configure:4610: result: yes
configure:4635: checking whether lstat correctly handles trailing slash
configure:4661: gcc -o conftest -g -O2   conftest.c -ldl -lpthread  >&5
configure:4661: $? = 0
configure:4661: ./conftest
configure:4661: $? = 0
configure:4678: result: yes
configure:4699: checking for stdlib.h
configure:4699: result: yes
configure:4709: checking for GNU libc compatible malloc
configure:4733: gcc -o conftest -g -O2   conftest.c -ldl -lpthread  >&5
configure:4733: $? = 0
configure:4733: ./conftest
configure:4733: $? = 0
configure:4743: result: yes
configure:4770: checking for stdlib.h
configure:4770: result: yes
configure:4770: checking for unistd.h
configure:4770: result: yes
configure:4770: checking for sys/param.h
configure:4770: gcc -c -g -O2  conftest.c >&5
configure:4770: $? = 0
configure:4770: result: yes
configure:4790: checking for getpagesize
configure:4790: gcc -o conftest -g -O2   conftest.c -ldl -lpthread  >&5
configure:4790: $? = 0
configure:4790: result: yes
configure:4799: checking for working mmap
configure:4946: gcc -o conftest -g -O2   conftest.c -ldl -lpthread  >&5
configure:4946: $? = 0
configure:4946: ./conftest
configure:4946: $? = 0
configure:4956: result: yes
configure:4967: checking for stdlib.h
configure:4967: result: yes
configure:4977: checking for GNU libc compatible realloc
configure:5001: gcc -o conftest -g -O2   conftest.c -ldl -lpthread  >&5
configure:5001: $? = 0
configure:5001: ./conftest
configure:5001: $? = 0
configure:5011: result: yes
configure:5035: checking for bzero
configure:5035: gcc -o conftest -g -O2   conftest.c -ldl -lpthread  >&5
conftest.c:74: warning: conflicting types for built-in function 'bzero'
configure:5035: $? = 0
configure:5035: result: yes
configure:5035: checking for dup2
configure:5035: gcc -o conftest -g -O2   conftest.c -ldl -lpthread  >&5
configure:5035: $? = 0
configure:5035: result: yes
configure:5035: checking for gethostbyaddr
configure:5035: gcc -o conftest -g -O2   conftest.c -ldl -lpthread  >&5
configure:5035: $? = 0
configure:5035: result: yes
configure:5035: checking for gethostbyname
configure:5035: gcc -o conftest -g -O2   conftest.c -ldl -lpthread  >&5
configure:5035: $? = 0
configure:5035: result: yes
configure:5035: checking for inet_ntoa
configure:5035: gcc -o conftest -g -O2   conftest.c -ldl -lpthread  >&5
configure:5035: $? = 0
configure:5035: result: yes
configure:5035: checking for memchr
configure:5035: gcc -o conftest -g -O2   conftest.c -ldl -lpthread  >&5
conftest.c:79: warning: conflicting types for built-in function 'memchr'
configure:5035: $? = 0
configure:5035: result: yes
configure:5035: checking for memmove
configure:5035: gcc -o conftest -g -O2   conftest.c -ldl -lpthread  >&5
conftest.c:80: warning: conflicting types for built-in function 'memmove'
configure:5035: $? = 0
configure:5035: result: yes
configure:5035: checking for memset
configure:5035: gcc -o conftest -g -O2   conftest.c -ldl -lpthread  >&5
conftest.c:81: warning: conflicting types for built-in function 'memset'
configure:5035: $? = 0
configure:5035: result: yes
configure:5035: checking for munmap
configure:5035: gcc -o conftest -g -O2   conftest.c -ldl -lpthread  >&5
configure:5035: $? = 0
configure:5035: result: yes
configure:5035: checking for socket
configure:5035: gcc -o conftest -g -O2   conftest.c -ldl -lpthread  >&5
configure:5035: $? = 0
configure:5035: result: yes
configure:5035: checking for strchr
configure:5035: gcc -o conftest -g -O2   conftest.c -ldl -lpthread  >&5
conftest.c:84: warning: conflicting types for built-in function 'strchr'
configure:5035: $? = 0
configure:5035: result: yes
configure:5035: checking for strdup
configure:5035: gcc -o conftest -g -O2   conftest.c -ldl -lpthread  >&5
conftest.c:85: warning: conflicting types for built-in function 'strdup'
configure:5035: $? = 0
configure:5035: result: yes
configure:5035: checking for strerror
configure:5035: gcc -o conftest -g -O2   conftest.c -ldl -lpthread  >&5
configure:5035: $? = 0
configure:5035: result: yes
configure:5035: checking for strncasecmp
configure:5035: gcc -o conftest -g -O2   conftest.c -ldl -lpthread  >&5
conftest.c:87: warning: conflicting types for built-in function 'strncasecmp'
configure:5035: $? = 0
configure:5035: result: yes
configure:5035: checking for strtol
configure:5035: gcc -o conftest -g -O2   conftest.c -ldl -lpthread  >&5
configure:5035: $? = 0
configure:5035: result: yes
configure:5035: checking for strtoul
configure:5035: gcc -o conftest -g -O2   conftest.c -ldl -lpthread  >&5
configure:5035: $? = 0
configure:5035: result: yes
configure:5035: checking for tzset
configure:5035: gcc -o conftest -g -O2   conftest.c -ldl -lpthread  >&5
configure:5035: $? = 0
configure:5035: result: yes
configure:5166: creating ./config.status

## ---------------------- ##
## Running config.status. ##
## ---------------------- ##

This file was extended by swiftd config.status 0.2, which was
generated by GNU Autoconf 2.67.  Invocation command line was

  CONFIG_FILES    = 
  CONFIG_HEADERS  = 
  CONFIG_LINKS    = 
  CONFIG_COMMANDS = 
  $ ./config.status 

on debian

config.status:904: creating Makefile
config.status:904: creating src/Makefile
config.status:904: creating config.h
config.status:1084: config.h is unchanged
config.status:1132: executing depfiles commands

## ---------------- ##
## Cache variables. ##
## ---------------- ##

ac_cv_c_compiler_gnu=yes
ac_cv_c_uint32_t=yes
ac_cv_env_CC_set=
ac_cv_env_CC_value=
ac_cv_env_CFLAGS_set=
ac_cv_env_CFLAGS_value=
ac_cv_env_CPPFLAGS_set=
ac_cv_env_CPPFLAGS_value=
ac_cv_env_CPP_set=
ac_cv_env_CPP_value=
ac_cv_env_LDFLAGS_set=
ac_cv_env_LDFLAGS_value=
ac_cv_env_LIBS_set=
ac_cv_env_LIBS_value=
ac_cv_env_build_alias_set=
ac_cv_env_build_alias_value=
ac_cv_env_host_alias_set=
ac_cv_env_host_alias_value=
ac_cv_env_target_alias_set=
ac_cv_env_target_alias_value=
ac_cv_func_bzero=yes
ac_cv_func_dup2=yes
ac_cv_func_fork=yes
ac_cv_func_fork_works=yes
ac_cv_func_gethostbyaddr=yes
ac_cv_func_gethostbyname=yes
ac_cv_func_getpagesize=yes
ac_cv_func_inet_ntoa=yes
ac_cv_func_lstat_dereferences_slashed_symlink=yes
ac_cv_func_malloc_0_nonnull=yes
ac_cv_func_memchr=yes
ac_cv_func_memmove=yes
ac_cv_func_memset=yes
ac_cv_func_mmap_fixed_mapped=yes
ac_cv_func_munmap=yes
ac_cv_func_realloc_0_nonnull=yes
ac_cv_func_socket=yes
ac_cv_func_strchr=yes
ac_cv_func_strdup=yes
ac_cv_func_strerror=yes
ac_cv_func_strncasecmp=yes
ac_cv_func_strtol=yes
ac_cv_func_strtoul=yes
ac_cv_func_tzset=yes
ac_cv_func_vfork=yes
ac_cv_func_vfork_works=yes
ac_cv_header_arpa_inet_h=yes
ac_cv_header_fcntl_h=yes
ac_cv_header_inttypes_h=yes
ac_cv_header_limits_h=yes
ac_cv_header_memory_h=yes
ac_cv_header_netdb_h=yes
ac_cv_header_netinet_in_h=yes
ac_cv_header_stdc=yes
ac_cv_header_stddef_h=yes
ac_cv_header_stdint_h=yes
ac_cv_header_stdlib_h=yes
ac_cv_header_string_h=yes
ac_cv_header_strings_h=yes
ac_cv_header_sys_ioctl_h=yes
ac_cv_header_sys_param_h=yes
ac_cv_header_sys_socket_h=yes
ac_cv_header_sys_stat_h=yes
ac_cv_header_sys_time_h=yes
ac_cv_header_sys_types_h=yes
ac_cv_header_syslog_h=yes
ac_cv_header_unistd_h=yes
ac_cv_header_vfork_h=no
ac_cv_lib_dl_dlopen=yes
ac_cv_lib_pthread_pthread_create=yes
ac_cv_objext=o
ac_cv_path_EGREP='/bin/grep -E'
ac_cv_path_GREP=/bin/grep
ac_cv_path_install='/usr/bin/install -c'
ac_cv_path_mkdir=/bin/mkdir
ac_cv_prog_AWK=gawk
ac_cv_prog_CPP='gcc -E'
ac_cv_prog_ac_ct_CC=gcc
ac_cv_prog_cc_c89=
ac_cv_prog_cc_g=yes
ac_cv_prog_cc_gcc_c_o=yes
ac_cv_prog_make_make_set=yes
ac_cv_type_off_t=yes
ac_cv_type_pid_t=yes
ac_cv_type_size_t=yes
ac_cv_type_uid_t=yes
am_cv_CC_dependencies_compiler_type=gcc3

## ----------------- ##
## Output variables. ##
## ----------------- ##

ACLOCAL='${SHELL} /home/hcy/Projects/swiftd/missing --run aclocal-1.11'
AMDEPBACKSLASH='\'
AMDEP_FALSE='#'
AMDEP_TRUE=''
AMTAR='${SHELL} /home/hcy/Projects/swiftd/missing --run tar'
AUTOCONF='${SHELL} /home/hcy/Projects/swiftd/missing --run autoconf'
AUTOHEADER='${SHELL} /home/hcy/Projects/swiftd/missing --run autoheader'
AUTOMAKE='${SHELL} /home/hcy/Projects/swiftd/missing --run automake-1.11'
AWK='gawk'
CC='gcc'
CCDEPMODE='depmode=gcc3'
CFLAGS='-g -O2'
CPP='gcc -E'
CPPFLAGS=''
CYGPATH_W='echo'
DEFS='-DHAVE_CONFIG_H'
DEPDIR='.deps'
ECHO_C=''
ECHO_N='-n'
ECHO_T=''
EGREP='/bin/grep -E'
EXEEXT=''
GREP='/bin/grep'
INSTALL_DATA='${INSTALL} -m 644'
INSTALL_PROGRAM='${INSTALL}'
INSTALL_SCRIPT='${INSTALL}'
INSTALL_STRIP_PROGRAM='$(install_sh) -c -s'
LDFLAGS=''
LIBOBJS=''
LIBS='-ldl -lpthread '
LTLIBOBJS=''
MAKEINFO='${SHELL} /home/hcy/Projects/swiftd/missing --run makeinfo'
MKDIR_P='/bin/mkdir -p'
OBJEXT='o'
PACKAGE='swiftd'
PACKAGE_BUGREPORT='huangcongyu2006@gmail.com'
PACKAGE_NAME='swiftd'
PACKAGE_STRING='swiftd 0.2'
PACKAGE_TARNAME='swiftd'
PACKAGE_URL=''
PACKAGE_VERSION='0.2'
PATH_SEPARATOR=':'
SET_MAKE=''
SHELL='/bin/bash'
STRIP=''
VERSION='0.2'
ac_ct_CC='gcc'
am__EXEEXT_FALSE=''
am__EXEEXT_TRUE='#'
am__fastdepCC_FALSE='#'
am__fastdepCC_TRUE=''
am__include='include'
am__isrc=''
am__leading_dot='.'
am__quote=''
am__tar='${AMTAR} chof - "$$tardir"'
am__untar='${AMTAR} xf -'
bindir='${exec_prefix}/bin'
build_alias=''
datadir='${datarootdir}'
datarootdir='${prefix}/share'
docdir='${datarootdir}/doc/${PACKAGE_TARNAME}'
dvidir='${docdir}'
exec_prefix='${prefix}'
host_alias=''
htmldir='${docdir}'
includedir='${prefix}/include'
infodir='${datarootdir}/info'
install_sh='${SHELL} /home/hcy/Projects/swiftd/install-sh'
libdir='${exec_prefix}/lib'
libexecdir='${exec_prefix}/libexec'
localedir='${datarootdir}/locale'
localstatedir='${prefix}/var'
mandir='${datarootdir}/man'
mkdir_p='/bin/mkdir -p'
oldincludedir='/usr/include'
pdfdir='${docdir}'
prefix='/usr/local'
program_transform_name='s,x,x,'
psdir='${docdir}'
sbindir='${exec_prefix}/sbin'
sharedstatedir='${prefix}/com'
sysconfdir='${prefix}/etc'
target_alias=''

## ----------- ##
## confdefs.h. ##
## ----------- ##

/* confdefs.h */
#define PACKAGE_NAME "swiftd"
#define PACKAGE_TARNAME "swiftd"
#define PACKAGE_VERSION "0.2"
#define PACKAGE_STRING "swiftd 0.2"
#define PACKAGE_BUGREPORT "huangcongyu2006@gmail.com"
#define PACKAGE_URL ""
#define PACKAGE "swiftd"
#define VERSION "0.2"
#define HAVE_LIBPTHREAD 1
#define HAVE_LIBDL 1
#define STDC_HEADERS 1
#define HAVE_SYS_TYPES_H 1
#define HAVE_SYS_STAT_H 1
#define HAVE_STDLIB_H 1
#define HAVE_STRING_H 1
#define HAVE_MEMORY_H 1
#define HAVE_STRINGS_H 1
#define HAVE_INTTYPES_H 1
#define HAVE_STDINT_H 1
#define HAVE_UNISTD_H 1
#define HAVE_ARPA_INET_H 1
#define HAVE_FCNTL_H 1
#define HAVE_LIMITS_H 1
#define HAVE_NETDB_H 1
#define HAVE_NETINET_IN_H 1
#define HAVE_STDDEF_H 1
#define HAVE_STDLIB_H 1
#define HAVE_STRING_H 1
#define HAVE_STRINGS_H 1
#define HAVE_SYS_IOCTL_H 1
#define HAVE_SYS_SOCKET_H 1
#define HAVE_SYS_TIME_H 1
#define HAVE_SYSLOG_H 1
#define HAVE_UNISTD_H 1
#define HAVE_FORK 1
#define HAVE_VFORK 1
#define HAVE_WORKING_VFORK 1
#define HAVE_WORKING_FORK 1
#define LSTAT_FOLLOWS_SLASHED_SYMLINK 1
#define HAVE_STDLIB_H 1
#define HAVE_MALLOC 1
#define HAVE_STDLIB_H 1
#define HAVE_UNISTD_H 1
#define HAVE_SYS_PARAM_H 1
#define HAVE_GETPAGESIZE 1
#define HAVE_MMAP 1
#define HAVE_STDLIB_H 1
#define HAVE_REALLOC 1
#define HAVE_BZERO 1
#define HAVE_DUP2 1
#define HAVE_GETHOSTBYADDR 1
#define HAVE_GETHOSTBYNAME 1
#define HAVE_INET_NTOA 1
#define HAVE_MEMCHR 1
#define HAVE_MEMMOVE 1
#define HAVE_MEMSET 1
#define HAVE_MUNMAP 1
#define HAVE_SOCKET 1
#define HAVE_STRCHR 1
#define HAVE_STRDUP 1
#define HAVE_STRERROR 1
#define HAVE_STRNCASECMP 1
#define HAVE_STRTOL 1
#define HAVE_STRTOUL 1
#define HAVE_TZSET 1

configure: exit 0

## ---------------------- ##
## Running config.status. ##
## ---------------------- ##

This file was extended by swiftd config.status 0.2, which was
generated by GNU Autoconf 2.67.  Invocation command line was

  CONFIG_FILES    = 
  CONFIG_HEADERS  = 
  CONFIG_LINKS    = 
  CONFIG_COMMANDS = 
  $ ./config.status config.h

on debian

config.status:904: creating config.h
config.status:1084: config.h is unchanged
